<?xml version="1.0" encoding="UTF-8"?>
<!-- Generated by org.testng.reporters.JUnitReportReporter -->
<testsuite hostname="DESKTOP-GQF8HD8" failures="0" tests="1" name="com.Parking_pages.Parking_Calculator" time="9.652" errors="0" timestamp="09 Feb 2019 12:43:48 GMT" skipped="0">
  <testcase classname="com.Parking_pages.Parking_Calculator" name="dataDrivenTest" time="9.652"/>
</testsuite> <!-- com.Parking_pages.Parking_Calculator -->
