<?xml version="1.0" encoding="UTF-8"?>
<!-- Generated by org.testng.reporters.JUnitReportReporter -->
<testsuite hostname="DESKTOP-GQF8HD8" failures="0" tests="5" name="com.Parking_pages.Parking_Calculator" time="53.669" errors="0" timestamp="10 Feb 2019 03:42:10 GMT" skipped="0">
  <testcase classname="com.Parking_pages.Parking_Calculator" name="dataDrivenTest" time="10.262"/>
  <testcase classname="com.Parking_pages.Parking_Calculator" name="dataDrivenTest" time="12.418"/>
  <testcase classname="com.Parking_pages.Parking_Calculator" name="dataDrivenTest" time="10.519"/>
  <testcase classname="com.Parking_pages.Parking_Calculator" name="dataDrivenTest" time="10.126"/>
  <testcase classname="com.Parking_pages.Parking_Calculator" name="dataDrivenTest" time="10.344"/>
</testsuite> <!-- com.Parking_pages.Parking_Calculator -->
