<?xml version="1.0" encoding="UTF-8"?>
<!-- Generated by org.testng.reporters.JUnitReportReporter -->
<testsuite hostname="DESKTOP-GQF8HD8" failures="0" tests="1" name="com.Parking_Calculator.Parking_Calculator" time="10.778" errors="0" timestamp="23 Jan 2019 03:41:24 GMT" skipped="0">
  <testcase classname="com.Parking_Calculator.Parking_Calculator" name="parking_Calculator" time="10.778"/>
</testsuite> <!-- com.Parking_Calculator.Parking_Calculator -->
